[debug] [2025-04-10T06:57:18.131Z] ----------------------------------------------------------------------
[debug] [2025-04-10T06:57:18.137Z] Command:       C:\Program Files\nodejs\node.exe C:\Users\samca\AppData\Roaming\npm\node_modules\firebase-tools\lib\bin\firebase.js init
[debug] [2025-04-10T06:57:18.138Z] CLI Version:   14.1.0
[debug] [2025-04-10T06:57:18.139Z] Platform:      win32
[debug] [2025-04-10T06:57:18.139Z] Node Version:  v22.14.0
[debug] [2025-04-10T06:57:18.140Z] Time:          Thu Apr 10 2025 02:57:18 GMT-0400 (hora de Bolivia)
[debug] [2025-04-10T06:57:18.140Z] ----------------------------------------------------------------------
[debug] 
[debug] [2025-04-10T06:57:18.156Z] > command requires scopes: ["email","openid","https://www.googleapis.com/auth/cloudplatformprojects.readonly","https://www.googleapis.com/auth/firebase","https://www.googleapis.com/auth/cloud-platform"]
[debug] [2025-04-10T06:57:18.158Z] > authorizing via signed-in user (samca83@gmail.com)
[info] 
     ######## #### ########  ######## ########     ###     ######  ########
     ##        ##  ##     ## ##       ##     ##  ##   ##  ##       ##
     ######    ##  ########  ######   ########  #########  ######  ######
     ##        ##  ##    ##  ##       ##     ## ##     ##       ## ##
     ##       #### ##     ## ######## ########  ##     ##  ######  ########

You're about to initialize a Firebase project in this directory:

  D:\PROYECTOS\ORGGAMS\sistemaOrganigramaPoaGams_be

[info] 
=== Project Setup
[info] 
[info] First, let's associate this project directory with a Firebase project.
[info] You can create multiple project aliases by running firebase use --add, 
[info] but for now we'll just set up a default project.
[info] 
[debug] [2025-04-10T06:58:09.421Z] Checked if tokens are valid: false, expires at: 1744260618642
[debug] [2025-04-10T06:58:09.421Z] Checked if tokens are valid: false, expires at: 1744260618642
[debug] [2025-04-10T06:58:09.422Z] > refreshing access token with scopes: []
[debug] [2025-04-10T06:58:09.426Z] >>> [apiv2][query] POST https://www.googleapis.com/oauth2/v3/token [none]
[debug] [2025-04-10T06:58:09.426Z] >>> [apiv2][body] POST https://www.googleapis.com/oauth2/v3/token [omitted]
[debug] [2025-04-10T06:58:10.025Z] <<< [apiv2][status] POST https://www.googleapis.com/oauth2/v3/token 200
[debug] [2025-04-10T06:58:10.026Z] <<< [apiv2][body] POST https://www.googleapis.com/oauth2/v3/token [omitted]
[debug] [2025-04-10T06:58:10.163Z] >>> [apiv2][query] GET https://firebase.googleapis.com/v1beta1/projects pageSize=100
[debug] [2025-04-10T06:58:10.807Z] <<< [apiv2][status] GET https://firebase.googleapis.com/v1beta1/projects 200
[debug] [2025-04-10T06:58:10.807Z] <<< [apiv2][body] GET https://firebase.googleapis.com/v1beta1/projects [omitted]
[info] i  Using project tsimulacionsistemas-hosting (tSimulacionSistemas-hosting) 
[info] 
=== Dataconnect Setup
[debug] [2025-04-10T06:58:18.738Z] Checked if tokens are valid: true, expires at: 1744271888026
[debug] [2025-04-10T06:58:18.738Z] Checked if tokens are valid: true, expires at: 1744271888026
[debug] [2025-04-10T06:58:18.739Z] >>> [apiv2][query] GET https://cloudbilling.googleapis.com/v1/projects/tsimulacionsistemas-hosting/billingInfo [none]
[debug] [2025-04-10T06:58:19.880Z] <<< [apiv2][status] GET https://cloudbilling.googleapis.com/v1/projects/tsimulacionsistemas-hosting/billingInfo 200
[debug] [2025-04-10T06:58:19.881Z] <<< [apiv2][body] GET https://cloudbilling.googleapis.com/v1/projects/tsimulacionsistemas-hosting/billingInfo {"name":"projects/tsimulacionsistemas-hosting/billingInfo","projectId":"tsimulacionsistemas-hosting","billingAccountName":"","billingEnabled":false}
[info] i  dataconnect: ensuring required API sqladmin.googleapis.com is enabled... 
[debug] [2025-04-10T06:58:19.883Z] Checked if tokens are valid: true, expires at: 1744271888026
[debug] [2025-04-10T06:58:19.884Z] Checked if tokens are valid: true, expires at: 1744271888026
[debug] [2025-04-10T06:58:19.884Z] >>> [apiv2][query] GET https://serviceusage.googleapis.com/v1/projects/tsimulacionsistemas-hosting/services/sqladmin.googleapis.com [none]
[debug] [2025-04-10T06:58:19.884Z] >>> [apiv2][(partial)header] GET https://serviceusage.googleapis.com/v1/projects/tsimulacionsistemas-hosting/services/sqladmin.googleapis.com x-goog-quota-user=projects/tsimulacionsistemas-hosting
[debug] [2025-04-10T06:58:20.951Z] <<< [apiv2][status] GET https://serviceusage.googleapis.com/v1/projects/tsimulacionsistemas-hosting/services/sqladmin.googleapis.com 200
[debug] [2025-04-10T06:58:20.951Z] <<< [apiv2][body] GET https://serviceusage.googleapis.com/v1/projects/tsimulacionsistemas-hosting/services/sqladmin.googleapis.com [omitted]
[warn] !  dataconnect: missing required API sqladmin.googleapis.com. Enabling now... 
[debug] [2025-04-10T06:58:20.954Z] Checked if tokens are valid: true, expires at: 1744271888026
[debug] [2025-04-10T06:58:20.954Z] Checked if tokens are valid: true, expires at: 1744271888026
[debug] [2025-04-10T06:58:20.954Z] >>> [apiv2][query] POST https://serviceusage.googleapis.com/v1/projects/tsimulacionsistemas-hosting/services/sqladmin.googleapis.com:enable [none]
[debug] [2025-04-10T06:58:20.954Z] >>> [apiv2][(partial)header] POST https://serviceusage.googleapis.com/v1/projects/tsimulacionsistemas-hosting/services/sqladmin.googleapis.com:enable x-goog-quota-user=projects/tsimulacionsistemas-hosting
[debug] [2025-04-10T06:58:21.417Z] <<< [apiv2][status] POST https://serviceusage.googleapis.com/v1/projects/tsimulacionsistemas-hosting/services/sqladmin.googleapis.com:enable 200
[debug] [2025-04-10T06:58:21.417Z] <<< [apiv2][body] POST https://serviceusage.googleapis.com/v1/projects/tsimulacionsistemas-hosting/services/sqladmin.googleapis.com:enable [omitted]
